This file contains any messages produced by compilers while
running configure, to aid debugging if configure makes a mistake.

It was created by RTSIM configure 2.0, which was
generated by GNU Autoconf 2.69.  Invocation command line was

  $ ./configure CXXFLAGS= -D__DEBUG__

## --------- ##
## Platform. ##
## --------- ##

hostname = Fabios-MacBook-Pro.local
uname -m = x86_64
uname -r = 13.0.2
uname -s = Darwin
uname -v = Darwin Kernel Version 13.0.2: Sun Sep 29 19:38:57 PDT 2013; root:xnu-2422.75.4~1/RELEASE_X86_64

/usr/bin/uname -p = i386
/bin/uname -X     = unknown

/bin/arch              = unknown
/usr/bin/arch -k       = unknown
/usr/convex/getsysinfo = unknown
/usr/bin/hostinfo      = Mach kernel version:
	 Darwin Kernel Version 13.0.2: Sun Sep 29 19:38:57 PDT 2013; root:xnu-2422.75.4~1/RELEASE_X86_64
Kernel configured for up to 8 processors.
4 processors are physically available.
8 processors are logically available.
Processor type: i486 (Intel 80486)
Processors active: 0 1 2 3 4 5 6 7
Primary memory available: 8.00 gigabytes
Default processor set: 174 tasks, 812 threads, 8 processors
Load average: 0.96, Mach factor: 7.03
/bin/machine           = unknown
/usr/bin/oslevel       = unknown
/bin/universe          = unknown

PATH: /opt/local/bin
PATH: /opt/local/sbin
PATH: /Library/Frameworks/Python.framework/Versions/2.7/bin
PATH: /opt/local/bin
PATH: /opt/local/sbin
PATH: /usr/bin
PATH: /bin
PATH: /usr/sbin
PATH: /sbin
PATH: /usr/local/bin
PATH: /usr/texbin
PATH: /Users/fcremona/Desktop/yaks/src/yaks/


## ----------- ##
## Core tests. ##
## ----------- ##

configure:2292: checking for a BSD-compatible install
configure:2360: result: /usr/bin/install -c
configure:2371: checking whether build environment is sane
configure:2426: result: yes
configure:2577: checking for a thread-safe mkdir -p
configure:2616: result: ./install-sh -c -d
configure:2623: checking for gawk
configure:2653: result: no
configure:2623: checking for mawk
configure:2653: result: no
configure:2623: checking for nawk
configure:2653: result: no
configure:2623: checking for awk
configure:2639: found /usr/bin/awk
configure:2650: result: awk
configure:2661: checking whether make sets $(MAKE)
configure:2683: result: yes
configure:2712: checking whether make supports nested variables
configure:2729: result: yes
configure:2916: checking for g++
configure:2932: found /usr/bin/g++
configure:2943: result: g++
configure:2970: checking for C++ compiler version
configure:2979: g++ --version >&5
Apple LLVM version 5.0 (clang-500.2.79) (based on LLVM 3.3svn)
Target: x86_64-apple-darwin13.0.2
Thread model: posix
Configured with: --prefix=/Applications/Xcode.app/Contents/Developer/usr --with-gxx-include-dir=/usr/include/c++/4.2.1
configure:2990: $? = 0
configure:2979: g++ -v >&5
Configured with: --prefix=/Applications/Xcode.app/Contents/Developer/usr --with-gxx-include-dir=/usr/include/c++/4.2.1
Apple LLVM version 5.0 (clang-500.2.79) (based on LLVM 3.3svn)
Target: x86_64-apple-darwin13.0.2
Thread model: posix
configure:2990: $? = 0
configure:2979: g++ -V >&5
clang: error: argument to '-V' is missing (expected 1 value)
clang: error: no input files
configure:2990: $? = 1
configure:2979: g++ -qversion >&5
clang: error: no input files
configure:2990: $? = 1
configure:3010: checking whether the C++ compiler works
configure:3032: g++  -D__DEBUG__   conftest.cpp  >&5
configure:3036: $? = 0
configure:3084: result: yes
configure:3087: checking for C++ compiler default output file name
configure:3089: result: a.out
configure:3095: checking for suffix of executables
configure:3102: g++ -o conftest  -D__DEBUG__   conftest.cpp  >&5
configure:3106: $? = 0
configure:3128: result: 
configure:3150: checking whether we are cross compiling
configure:3158: g++ -o conftest  -D__DEBUG__   conftest.cpp  >&5
configure:3162: $? = 0
configure:3169: ./conftest
configure:3173: $? = 0
configure:3188: result: no
configure:3193: checking for suffix of object files
configure:3215: g++ -c  -D__DEBUG__  conftest.cpp >&5
configure:3219: $? = 0
configure:3240: result: o
configure:3244: checking whether we are using the GNU C++ compiler
configure:3263: g++ -c  -D__DEBUG__  conftest.cpp >&5
configure:3263: $? = 0
configure:3272: result: yes
configure:3281: checking whether g++ accepts -g
configure:3301: g++ -c -g  conftest.cpp >&5
configure:3301: $? = 0
configure:3342: result: yes
configure:3376: checking for style of include used by make
configure:3404: result: GNU
configure:3430: checking dependency style of g++
configure:3541: result: gcc3
configure:3591: checking build system type
configure:3605: result: x86_64-apple-darwin13.0.2
configure:3625: checking host system type
configure:3638: result: x86_64-apple-darwin13.0.2
configure:3679: checking how to print strings
configure:3706: result: printf
configure:3775: checking for gcc
configure:3791: found /usr/bin/gcc
configure:3802: result: gcc
configure:4031: checking for C compiler version
configure:4040: gcc --version >&5
Apple LLVM version 5.0 (clang-500.2.79) (based on LLVM 3.3svn)
Target: x86_64-apple-darwin13.0.2
Thread model: posix
Configured with: --prefix=/Applications/Xcode.app/Contents/Developer/usr --with-gxx-include-dir=/usr/include/c++/4.2.1
configure:4051: $? = 0
configure:4040: gcc -v >&5
Configured with: --prefix=/Applications/Xcode.app/Contents/Developer/usr --with-gxx-include-dir=/usr/include/c++/4.2.1
Apple LLVM version 5.0 (clang-500.2.79) (based on LLVM 3.3svn)
Target: x86_64-apple-darwin13.0.2
Thread model: posix
configure:4051: $? = 0
configure:4040: gcc -V >&5
clang: error: argument to '-V' is missing (expected 1 value)
clang: error: no input files
configure:4051: $? = 1
configure:4040: gcc -qversion >&5
clang: error: no input files
configure:4051: $? = 1
configure:4055: checking whether we are using the GNU C compiler
configure:4074: gcc -c   conftest.c >&5
configure:4074: $? = 0
configure:4083: result: yes
configure:4092: checking whether gcc accepts -g
configure:4112: gcc -c -g  conftest.c >&5
configure:4112: $? = 0
configure:4153: result: yes
configure:4170: checking for gcc option to accept ISO C89
configure:4233: gcc  -c -g -O2  conftest.c >&5
configure:4233: $? = 0
configure:4246: result: none needed
configure:4271: checking whether gcc understands -c and -o together
configure:4293: gcc -c conftest.c -o conftest2.o
configure:4296: $? = 0
configure:4293: gcc -c conftest.c -o conftest2.o
configure:4296: $? = 0
configure:4308: result: yes
configure:4327: checking dependency style of gcc
configure:4438: result: gcc3
configure:4453: checking for a sed that does not truncate output
configure:4517: result: /usr/bin/sed
configure:4535: checking for grep that handles long lines and -e
configure:4593: result: /usr/bin/grep
configure:4598: checking for egrep
configure:4660: result: /usr/bin/grep -E
configure:4665: checking for fgrep
configure:4727: result: /usr/bin/grep -F
configure:4762: checking for ld used by gcc
configure:4829: result: /Applications/Xcode.app/Contents/Developer/Toolchains/XcodeDefault.xctoolchain/usr/bin/ld
configure:4836: checking if the linker (/Applications/Xcode.app/Contents/Developer/Toolchains/XcodeDefault.xctoolchain/usr/bin/ld) is GNU ld
configure:4851: result: no
configure:4863: checking for BSD- or MS-compatible name lister (nm)
configure:4912: result: /usr/bin/nm
configure:5042: checking the name lister (/usr/bin/nm) interface
configure:5049: g++ -c  -D__DEBUG__  conftest.cpp >&5
configure:5052: /usr/bin/nm "conftest.o"
configure:5055: output
0000000000000000 S _some_variable
configure:5062: result: BSD nm
configure:5065: checking whether ln -s works
configure:5069: result: yes
configure:5077: checking the maximum length of command line arguments
configure:5207: result: 196608
configure:5224: checking whether the shell understands some XSI constructs
configure:5234: result: yes
configure:5238: checking whether the shell understands "+="
configure:5244: result: yes
configure:5279: checking how to convert x86_64-apple-darwin13.0.2 file names to x86_64-apple-darwin13.0.2 format
configure:5319: result: func_convert_file_noop
configure:5326: checking how to convert x86_64-apple-darwin13.0.2 file names to toolchain format
configure:5346: result: func_convert_file_noop
configure:5353: checking for /Applications/Xcode.app/Contents/Developer/Toolchains/XcodeDefault.xctoolchain/usr/bin/ld option to reload object files
configure:5360: result: -r
configure:5434: checking for objdump
configure:5464: result: no
configure:5493: checking how to recognize dependent libraries
configure:5695: result: pass_all
configure:5780: checking for dlltool
configure:5810: result: no
configure:5840: checking how to associate runtime and link libraries
configure:5867: result: printf %s\n
configure:5928: checking for ar
configure:5944: found /usr/bin/ar
configure:5955: result: ar
configure:5992: checking for archiver @FILE support
configure:6009: g++ -c  -D__DEBUG__  conftest.cpp >&5
configure:6009: $? = 0
configure:6012: ar cru libconftest.a @conftest.lst >&5
ar: @conftest.lst: No such file or directory
configure:6015: $? = 1
configure:6035: result: no
configure:6093: checking for strip
configure:6109: found /usr/bin/strip
configure:6120: result: strip
configure:6192: checking for ranlib
configure:6208: found /usr/bin/ranlib
configure:6219: result: ranlib
configure:6321: checking command to parse /usr/bin/nm output from gcc object
configure:6441: g++ -c  -D__DEBUG__  conftest.cpp >&5
configure:6444: $? = 0
configure:6448: /usr/bin/nm conftest.o \| sed -n -e 's/^.*[ ]\([BCDEGRST][BCDEGRST]*\)[ ][ ]*\([_A-Za-z][_A-Za-z0-9]*\)$/\1 \2 \2/p' | sed '/ __gnu_lto/d' \> conftest.nm
configure:6451: $? = 0
cannot find nm_test_var in conftest.nm
configure:6441: g++ -c  -D__DEBUG__  conftest.cpp >&5
configure:6444: $? = 0
configure:6448: /usr/bin/nm conftest.o \| sed -n -e 's/^.*[ ]\([BCDEGRST][BCDEGRST]*\)[ ][ ]*_\([_A-Za-z][_A-Za-z0-9]*\)$/\1 _\2 \2/p' | sed '/ __gnu_lto/d' \> conftest.nm
configure:6451: $? = 0
configure:6517: g++ -o conftest  -D__DEBUG__   conftest.cpp conftstm.o >&5
configure:6520: $? = 0
configure:6558: result: ok
configure:6595: checking for sysroot
configure:6625: result: no
configure:6882: checking for mt
configure:6912: result: no
configure:6932: checking if : is a manifest tool
configure:6938: : '-?'
configure:6946: result: no
configure:7002: checking for dsymutil
configure:7018: found /usr/bin/dsymutil
configure:7029: result: dsymutil
configure:7094: checking for nmedit
configure:7110: found /usr/bin/nmedit
configure:7121: result: nmedit
configure:7186: checking for lipo
configure:7202: found /usr/bin/lipo
configure:7213: result: lipo
configure:7278: checking for otool
configure:7294: found /usr/bin/otool
configure:7305: result: otool
configure:7370: checking for otool64
configure:7400: result: no
configure:7445: checking for -single_module linker flag
gcc -g -O2  -o libconftest.dylib -dynamiclib -Wl,-single_module conftest.c
configure:7478: result: yes
configure:7481: checking for -exported_symbols_list linker flag
configure:7501: g++ -o conftest  -D__DEBUG__   -Wl,-exported_symbols_list,conftest.sym conftest.cpp  >&5
configure:7501: $? = 0
configure:7511: result: yes
configure:7514: checking for -force_load linker flag
gcc -g -O2 -c -o conftest.o conftest.c
ar cru libconftest.a conftest.o
ranlib libconftest.a
gcc -g -O2  -o conftest conftest.c -Wl,-force_load,./libconftest.a
configure:7546: result: yes
configure:7588: checking how to run the C preprocessor
configure:7619: gcc -E  conftest.c
configure:7619: $? = 0
configure:7633: gcc -E  conftest.c
conftest.c:11:10: fatal error: 'ac_nonexistent.h' file not found
#include <ac_nonexistent.h>
         ^
1 error generated.
configure:7633: $? = 1
configure: failed program was:
| /* confdefs.h */
| #define PACKAGE_NAME "RTSIM"
| #define PACKAGE_TARNAME "rtsim"
| #define PACKAGE_VERSION "2.0"
| #define PACKAGE_STRING "RTSIM 2.0"
| #define PACKAGE_BUGREPORT ""
| #define PACKAGE_URL ""
| #define PACKAGE "rtsim"
| #define VERSION "2.0"
| /* end confdefs.h.  */
| #include <ac_nonexistent.h>
configure:7658: result: gcc -E
configure:7678: gcc -E  conftest.c
configure:7678: $? = 0
configure:7692: gcc -E  conftest.c
conftest.c:11:10: fatal error: 'ac_nonexistent.h' file not found
#include <ac_nonexistent.h>
         ^
1 error generated.
configure:7692: $? = 1
configure: failed program was:
| /* confdefs.h */
| #define PACKAGE_NAME "RTSIM"
| #define PACKAGE_TARNAME "rtsim"
| #define PACKAGE_VERSION "2.0"
| #define PACKAGE_STRING "RTSIM 2.0"
| #define PACKAGE_BUGREPORT ""
| #define PACKAGE_URL ""
| #define PACKAGE "rtsim"
| #define VERSION "2.0"
| /* end confdefs.h.  */
| #include <ac_nonexistent.h>
configure:7721: checking for ANSI C header files
configure:7741: gcc -c -g -O2  conftest.c >&5
configure:7741: $? = 0
configure:7814: gcc -o conftest -g -O2   conftest.c  >&5
configure:7814: $? = 0
configure:7814: ./conftest
configure:7814: $? = 0
configure:7825: result: yes
configure:7838: checking for sys/types.h
configure:7838: gcc -c -g -O2  conftest.c >&5
configure:7838: $? = 0
configure:7838: result: yes
configure:7838: checking for sys/stat.h
configure:7838: gcc -c -g -O2  conftest.c >&5
configure:7838: $? = 0
configure:7838: result: yes
configure:7838: checking for stdlib.h
configure:7838: gcc -c -g -O2  conftest.c >&5
configure:7838: $? = 0
configure:7838: result: yes
configure:7838: checking for string.h
configure:7838: gcc -c -g -O2  conftest.c >&5
configure:7838: $? = 0
configure:7838: result: yes
configure:7838: checking for memory.h
configure:7838: gcc -c -g -O2  conftest.c >&5
configure:7838: $? = 0
configure:7838: result: yes
configure:7838: checking for strings.h
configure:7838: gcc -c -g -O2  conftest.c >&5
configure:7838: $? = 0
configure:7838: result: yes
configure:7838: checking for inttypes.h
configure:7838: gcc -c -g -O2  conftest.c >&5
configure:7838: $? = 0
configure:7838: result: yes
configure:7838: checking for stdint.h
configure:7838: gcc -c -g -O2  conftest.c >&5
configure:7838: $? = 0
configure:7838: result: yes
configure:7838: checking for unistd.h
configure:7838: gcc -c -g -O2  conftest.c >&5
configure:7838: $? = 0
configure:7838: result: yes
configure:7852: checking for dlfcn.h
configure:7852: gcc -c -g -O2  conftest.c >&5
configure:7852: $? = 0
configure:7852: result: yes
configure:8068: checking for objdir
configure:8083: result: .libs
configure:8354: checking if gcc supports -fno-rtti -fno-exceptions
configure:8372: gcc -c -g -O2  -fno-rtti -fno-exceptions conftest.c >&5
configure:8376: $? = 0
configure:8389: result: yes
configure:8716: checking for gcc option to produce PIC
configure:8723: result: -fno-common -DPIC
configure:8731: checking if gcc PIC flag -fno-common -DPIC works
configure:8749: gcc -c -g -O2  -fno-common -DPIC -DPIC conftest.c >&5
configure:8753: $? = 0
configure:8766: result: yes
configure:8795: checking if gcc static flag -static works
configure:8823: result: no
configure:8838: checking if gcc supports -c -o file.o
configure:8859: gcc -c -g -O2  -o out/conftest2.o conftest.c >&5
configure:8863: $? = 0
configure:8885: result: yes
configure:8893: checking if gcc supports -c -o file.o
configure:8940: result: yes
configure:8973: checking whether the gcc linker (/Applications/Xcode.app/Contents/Developer/Toolchains/XcodeDefault.xctoolchain/usr/bin/ld) supports shared libraries
configure:10126: result: yes
configure:10366: checking dynamic linker characteristics
configure:11099: result: darwin13.0.2 dyld
configure:11206: checking how to hardcode library paths into programs
configure:11231: result: immediate
configure:11771: checking whether stripping libraries is possible
configure:11785: result: yes
configure:11811: checking if libtool supports shared libraries
configure:11813: result: yes
configure:11816: checking whether to build shared libraries
configure:11837: result: yes
configure:11840: checking whether to build static libraries
configure:11844: result: yes
configure:11867: checking how to run the C++ preprocessor
configure:11894: g++ -E  conftest.cpp
configure:11894: $? = 0
configure:11908: g++ -E  conftest.cpp
conftest.cpp:23:10: fatal error: 'ac_nonexistent.h' file not found
#include <ac_nonexistent.h>
         ^
1 error generated.
configure:11908: $? = 1
configure: failed program was:
| /* confdefs.h */
| #define PACKAGE_NAME "RTSIM"
| #define PACKAGE_TARNAME "rtsim"
| #define PACKAGE_VERSION "2.0"
| #define PACKAGE_STRING "RTSIM 2.0"
| #define PACKAGE_BUGREPORT ""
| #define PACKAGE_URL ""
| #define PACKAGE "rtsim"
| #define VERSION "2.0"
| #define STDC_HEADERS 1
| #define HAVE_SYS_TYPES_H 1
| #define HAVE_SYS_STAT_H 1
| #define HAVE_STDLIB_H 1
| #define HAVE_STRING_H 1
| #define HAVE_MEMORY_H 1
| #define HAVE_STRINGS_H 1
| #define HAVE_INTTYPES_H 1
| #define HAVE_STDINT_H 1
| #define HAVE_UNISTD_H 1
| #define HAVE_DLFCN_H 1
| #define LT_OBJDIR ".libs/"
| /* end confdefs.h.  */
| #include <ac_nonexistent.h>
configure:11933: result: g++ -E
configure:11953: g++ -E  conftest.cpp
configure:11953: $? = 0
configure:11967: g++ -E  conftest.cpp
conftest.cpp:23:10: fatal error: 'ac_nonexistent.h' file not found
#include <ac_nonexistent.h>
         ^
1 error generated.
configure:11967: $? = 1
configure: failed program was:
| /* confdefs.h */
| #define PACKAGE_NAME "RTSIM"
| #define PACKAGE_TARNAME "rtsim"
| #define PACKAGE_VERSION "2.0"
| #define PACKAGE_STRING "RTSIM 2.0"
| #define PACKAGE_BUGREPORT ""
| #define PACKAGE_URL ""
| #define PACKAGE "rtsim"
| #define VERSION "2.0"
| #define STDC_HEADERS 1
| #define HAVE_SYS_TYPES_H 1
| #define HAVE_SYS_STAT_H 1
| #define HAVE_STDLIB_H 1
| #define HAVE_STRING_H 1
| #define HAVE_MEMORY_H 1
| #define HAVE_STRINGS_H 1
| #define HAVE_INTTYPES_H 1
| #define HAVE_STDINT_H 1
| #define HAVE_UNISTD_H 1
| #define HAVE_DLFCN_H 1
| #define LT_OBJDIR ".libs/"
| /* end confdefs.h.  */
| #include <ac_nonexistent.h>
configure:12136: checking for ld used by g++
configure:12203: result: /Applications/Xcode.app/Contents/Developer/Toolchains/XcodeDefault.xctoolchain/usr/bin/ld
configure:12210: checking if the linker (/Applications/Xcode.app/Contents/Developer/Toolchains/XcodeDefault.xctoolchain/usr/bin/ld) is GNU ld
configure:12225: result: no
configure:12280: checking whether the g++ linker (/Applications/Xcode.app/Contents/Developer/Toolchains/XcodeDefault.xctoolchain/usr/bin/ld) supports shared libraries
configure:13285: result: yes
configure:13321: g++ -c  -D__DEBUG__  conftest.cpp >&5
configure:13324: $? = 0
configure:13844: checking for g++ option to produce PIC
configure:13851: result: -fno-common -DPIC
configure:13859: checking if g++ PIC flag -fno-common -DPIC works
configure:13877: g++ -c  -D__DEBUG__  -fno-common -DPIC -DPIC conftest.cpp >&5
configure:13881: $? = 0
configure:13894: result: yes
configure:13917: checking if g++ static flag -static works
configure:13945: result: no
configure:13957: checking if g++ supports -c -o file.o
configure:13978: g++ -c  -D__DEBUG__  -o out/conftest2.o conftest.cpp >&5
configure:13982: $? = 0
configure:14004: result: yes
configure:14009: checking if g++ supports -c -o file.o
configure:14056: result: yes
configure:14086: checking whether the g++ linker (/Applications/Xcode.app/Contents/Developer/Toolchains/XcodeDefault.xctoolchain/usr/bin/ld) supports shared libraries
configure:14122: result: yes
configure:14263: checking dynamic linker characteristics
configure:14930: result: darwin13.0.2 dyld
configure:14983: checking how to hardcode library paths into programs
configure:15008: result: immediate
configure:15074: checking for ranlib
configure:15101: result: ranlib
configure:15226: checking that generated files are newer than configure
configure:15232: result: done
configure:15259: creating ./config.status

## ---------------------- ##
## Running config.status. ##
## ---------------------- ##

This file was extended by RTSIM config.status 2.0, which was
generated by GNU Autoconf 2.69.  Invocation command line was

  CONFIG_FILES    = 
  CONFIG_HEADERS  = 
  CONFIG_LINKS    = 
  CONFIG_COMMANDS = 
  $ ./config.status 

on Fabios-MacBook-Pro.local

config.status:1149: creating Makefile
config.status:1149: creating src/Makefile
config.status:1149: creating test/Makefile
config.status:1149: creating examples/rm/Makefile
config.status:1149: creating examples/edf/Makefile
config.status:1149: creating examples/cbserver/Makefile
config.status:1149: creating examples/sporadic/Makefile
config.status:1149: creating examples/grub/Makefile
config.status:1149: creating examples/prob/Makefile
config.status:1149: creating config.h
config.status:1330: config.h is unchanged
config.status:1378: executing depfiles commands
config.status:1378: executing libtool commands
config.status:1378: executing default commands

## ---------------- ##
## Cache variables. ##
## ---------------- ##

ac_cv_build=x86_64-apple-darwin13.0.2
ac_cv_c_compiler_gnu=yes
ac_cv_cxx_compiler_gnu=yes
ac_cv_env_CCC_set=
ac_cv_env_CCC_value=
ac_cv_env_CC_set=
ac_cv_env_CC_value=
ac_cv_env_CFLAGS_set=
ac_cv_env_CFLAGS_value=
ac_cv_env_CPPFLAGS_set=
ac_cv_env_CPPFLAGS_value=
ac_cv_env_CPP_set=
ac_cv_env_CPP_value=
ac_cv_env_CXXCPP_set=
ac_cv_env_CXXCPP_value=
ac_cv_env_CXXFLAGS_set=set
ac_cv_env_CXXFLAGS_value=' -D__DEBUG__'
ac_cv_env_CXX_set=
ac_cv_env_CXX_value=
ac_cv_env_LDFLAGS_set=
ac_cv_env_LDFLAGS_value=
ac_cv_env_LIBS_set=
ac_cv_env_LIBS_value=
ac_cv_env_build_alias_set=
ac_cv_env_build_alias_value=
ac_cv_env_host_alias_set=
ac_cv_env_host_alias_value=
ac_cv_env_target_alias_set=
ac_cv_env_target_alias_value=
ac_cv_header_dlfcn_h=yes
ac_cv_header_inttypes_h=yes
ac_cv_header_memory_h=yes
ac_cv_header_stdc=yes
ac_cv_header_stdint_h=yes
ac_cv_header_stdlib_h=yes
ac_cv_header_string_h=yes
ac_cv_header_strings_h=yes
ac_cv_header_sys_stat_h=yes
ac_cv_header_sys_types_h=yes
ac_cv_header_unistd_h=yes
ac_cv_host=x86_64-apple-darwin13.0.2
ac_cv_objext=o
ac_cv_path_EGREP='/usr/bin/grep -E'
ac_cv_path_FGREP='/usr/bin/grep -F'
ac_cv_path_GREP=/usr/bin/grep
ac_cv_path_SED=/usr/bin/sed
ac_cv_path_install='/usr/bin/install -c'
ac_cv_prog_AWK=awk
ac_cv_prog_CPP='gcc -E'
ac_cv_prog_CXXCPP='g++ -E'
ac_cv_prog_RANLIB=ranlib
ac_cv_prog_ac_ct_AR=ar
ac_cv_prog_ac_ct_CC=gcc
ac_cv_prog_ac_ct_CXX=g++
ac_cv_prog_ac_ct_DSYMUTIL=dsymutil
ac_cv_prog_ac_ct_LIPO=lipo
ac_cv_prog_ac_ct_NMEDIT=nmedit
ac_cv_prog_ac_ct_OTOOL=otool
ac_cv_prog_ac_ct_RANLIB=ranlib
ac_cv_prog_ac_ct_STRIP=strip
ac_cv_prog_cc_c89=
ac_cv_prog_cc_g=yes
ac_cv_prog_cxx_g=yes
ac_cv_prog_make_make_set=yes
am_cv_CC_dependencies_compiler_type=gcc3
am_cv_CXX_dependencies_compiler_type=gcc3
am_cv_make_support_nested_variables=yes
am_cv_prog_cc_c_o=yes
lt_cv_apple_cc_single_mod=yes
lt_cv_ar_at_file=no
lt_cv_deplibs_check_method=pass_all
lt_cv_file_magic_cmd='$MAGIC_CMD'
lt_cv_file_magic_test_file=
lt_cv_ld_exported_symbols_list=yes
lt_cv_ld_force_load=yes
lt_cv_ld_reload_flag=-r
lt_cv_nm_interface='BSD nm'
lt_cv_objdir=.libs
lt_cv_path_LD=/Applications/Xcode.app/Contents/Developer/Toolchains/XcodeDefault.xctoolchain/usr/bin/ld
lt_cv_path_LDCXX=/Applications/Xcode.app/Contents/Developer/Toolchains/XcodeDefault.xctoolchain/usr/bin/ld
lt_cv_path_NM=/usr/bin/nm
lt_cv_path_mainfest_tool=no
lt_cv_prog_compiler_c_o=yes
lt_cv_prog_compiler_c_o_CXX=yes
lt_cv_prog_compiler_pic='-fno-common -DPIC'
lt_cv_prog_compiler_pic_CXX='-fno-common -DPIC'
lt_cv_prog_compiler_pic_works=yes
lt_cv_prog_compiler_pic_works_CXX=yes
lt_cv_prog_compiler_rtti_exceptions=yes
lt_cv_prog_compiler_static_works=no
lt_cv_prog_compiler_static_works_CXX=no
lt_cv_prog_gnu_ld=no
lt_cv_prog_gnu_ldcxx=no
lt_cv_sharedlib_from_linklib_cmd='printf %s\n'
lt_cv_sys_global_symbol_pipe='sed -n -e '\''s/^.*[	 ]\([BCDEGRST][BCDEGRST]*\)[	 ][	 ]*_\([_A-Za-z][_A-Za-z0-9]*\)$/\1 _\2 \2/p'\'' | sed '\''/ __gnu_lto/d'\'''
lt_cv_sys_global_symbol_to_c_name_address='sed -n -e '\''s/^: \([^ ]*\)[ ]*$/  {\"\1\", (void *) 0},/p'\'' -e '\''s/^[BCDEGRST]* \([^ ]*\) \([^ ]*\)$/  {"\2", (void *) \&\2},/p'\'''
lt_cv_sys_global_symbol_to_c_name_address_lib_prefix='sed -n -e '\''s/^: \([^ ]*\)[ ]*$/  {\"\1\", (void *) 0},/p'\'' -e '\''s/^[BCDEGRST]* \([^ ]*\) \(lib[^ ]*\)$/  {"\2", (void *) \&\2},/p'\'' -e '\''s/^[BCDEGRST]* \([^ ]*\) \([^ ]*\)$/  {"lib\2", (void *) \&\2},/p'\'''
lt_cv_sys_global_symbol_to_cdecl='sed -n -e '\''s/^T .* \(.*\)$/extern int \1();/p'\'' -e '\''s/^[BCDEGRST]* .* \(.*\)$/extern char \1;/p'\'''
lt_cv_sys_max_cmd_len=196608
lt_cv_to_host_file_cmd=func_convert_file_noop
lt_cv_to_tool_file_cmd=func_convert_file_noop

## ----------------- ##
## Output variables. ##
## ----------------- ##

ACLOCAL='${SHELL} /Users/fcremona/Documents/SSSA-PhD/Libraries/rtlib/rtlib/missing aclocal-1.14'
AMDEPBACKSLASH='\'
AMDEP_FALSE='#'
AMDEP_TRUE=''
AMTAR='$${TAR-tar}'
AM_BACKSLASH='\'
AM_DEFAULT_V='$(AM_DEFAULT_VERBOSITY)'
AM_DEFAULT_VERBOSITY='1'
AM_V='$(V)'
AR='ar'
AUTOCONF='${SHELL} /Users/fcremona/Documents/SSSA-PhD/Libraries/rtlib/rtlib/missing autoconf'
AUTOHEADER='${SHELL} /Users/fcremona/Documents/SSSA-PhD/Libraries/rtlib/rtlib/missing autoheader'
AUTOMAKE='${SHELL} /Users/fcremona/Documents/SSSA-PhD/Libraries/rtlib/rtlib/missing automake-1.14'
AWK='awk'
CC='gcc'
CCDEPMODE='depmode=gcc3'
CFLAGS='-g -O2'
CPP='gcc -E'
CPPFLAGS=''
CXX='g++'
CXXCPP='g++ -E'
CXXDEPMODE='depmode=gcc3'
CXXFLAGS=' -D__DEBUG__'
CYGPATH_W='echo'
DEFS='-DHAVE_CONFIG_H'
DEPDIR='.deps'
DLLTOOL='false'
DSYMUTIL='dsymutil'
DUMPBIN=''
ECHO_C='\c'
ECHO_N=''
ECHO_T=''
EGREP='/usr/bin/grep -E'
EXEEXT=''
FGREP='/usr/bin/grep -F'
GREP='/usr/bin/grep'
INSTALL_DATA='${INSTALL} -m 644'
INSTALL_PROGRAM='${INSTALL}'
INSTALL_SCRIPT='${INSTALL}'
INSTALL_STRIP_PROGRAM='$(install_sh) -c -s'
LD='/Applications/Xcode.app/Contents/Developer/Toolchains/XcodeDefault.xctoolchain/usr/bin/ld'
LDFLAGS=''
LIBOBJS=''
LIBS=''
LIBTOOL='$(SHELL) $(top_builddir)/libtool'
LIPO='lipo'
LN_S='ln -s'
LTLIBOBJS=''
MAKEINFO='${SHELL} /Users/fcremona/Documents/SSSA-PhD/Libraries/rtlib/rtlib/missing makeinfo'
MANIFEST_TOOL=':'
MKDIR_P='./install-sh -c -d'
NM='/usr/bin/nm'
NMEDIT='nmedit'
OBJDUMP='false'
OBJEXT='o'
OTOOL64=':'
OTOOL='otool'
PACKAGE='rtsim'
PACKAGE_BUGREPORT=''
PACKAGE_NAME='RTSIM'
PACKAGE_STRING='RTSIM 2.0'
PACKAGE_TARNAME='rtsim'
PACKAGE_URL=''
PACKAGE_VERSION='2.0'
PATH_SEPARATOR=':'
RANLIB='ranlib'
SED='/usr/bin/sed'
SET_MAKE=''
SHELL='/bin/sh'
STRIP='strip'
VERSION='2.0'
ac_ct_AR='ar'
ac_ct_CC='gcc'
ac_ct_CXX='g++'
ac_ct_DUMPBIN=''
am__EXEEXT_FALSE=''
am__EXEEXT_TRUE='#'
am__fastdepCC_FALSE='#'
am__fastdepCC_TRUE=''
am__fastdepCXX_FALSE='#'
am__fastdepCXX_TRUE=''
am__include='include'
am__isrc=''
am__leading_dot='.'
am__nodep='_no'
am__quote=''
am__tar='$${TAR-tar} chof - "$$tardir"'
am__untar='$${TAR-tar} xf -'
bindir='${exec_prefix}/bin'
build='x86_64-apple-darwin13.0.2'
build_alias=''
build_cpu='x86_64'
build_os='darwin13.0.2'
build_vendor='apple'
datadir='${datarootdir}'
datarootdir='${prefix}/share'
docdir='${datarootdir}/doc/${PACKAGE_TARNAME}'
dvidir='${docdir}'
exec_prefix='${prefix}'
host='x86_64-apple-darwin13.0.2'
host_alias=''
host_cpu='x86_64'
host_os='darwin13.0.2'
host_vendor='apple'
htmldir='${docdir}'
includedir='${prefix}/include'
infodir='${datarootdir}/info'
install_sh='${SHELL} /Users/fcremona/Documents/SSSA-PhD/Libraries/rtlib/rtlib/install-sh'
libdir='${exec_prefix}/lib'
libexecdir='${exec_prefix}/libexec'
localedir='${datarootdir}/locale'
localstatedir='${prefix}/var'
mandir='${datarootdir}/man'
mkdir_p='$(MKDIR_P)'
oldincludedir='/usr/include'
pdfdir='${docdir}'
prefix='/usr/local'
program_transform_name='s,x,x,'
psdir='${docdir}'
sbindir='${exec_prefix}/sbin'
sharedstatedir='${prefix}/com'
sysconfdir='${prefix}/etc'
target_alias=''

## ----------- ##
## confdefs.h. ##
## ----------- ##

/* confdefs.h */
#define PACKAGE_NAME "RTSIM"
#define PACKAGE_TARNAME "rtsim"
#define PACKAGE_VERSION "2.0"
#define PACKAGE_STRING "RTSIM 2.0"
#define PACKAGE_BUGREPORT ""
#define PACKAGE_URL ""
#define PACKAGE "rtsim"
#define VERSION "2.0"
#define STDC_HEADERS 1
#define HAVE_SYS_TYPES_H 1
#define HAVE_SYS_STAT_H 1
#define HAVE_STDLIB_H 1
#define HAVE_STRING_H 1
#define HAVE_MEMORY_H 1
#define HAVE_STRINGS_H 1
#define HAVE_INTTYPES_H 1
#define HAVE_STDINT_H 1
#define HAVE_UNISTD_H 1
#define HAVE_DLFCN_H 1
#define LT_OBJDIR ".libs/"

configure: exit 0
